[ 2016-05-04T16:24:43+08:00 ] 183.63.102.78 /learn/index.php
INFO: [ app_init ] --START--
INFO: [ app_init ] --END-- [ RunTime:0.000183s ]
INFO: [ app_begin ] --START--
INFO: Run Behavior\ReadHtmlCache [ RunTime:0.000239s ]
INFO: [ app_begin ] --END-- [ RunTime:0.000519s ]
INFO: [ action_begin ] --START--
INFO: [ action_begin ] --END-- [ RunTime:0.000167s ]
INFO: [ view_begin ] --START--
INFO: [ view_begin ] --END-- [ RunTime:0.000129s ]
INFO: [ view_parse ] --START--
INFO: [ template_filter ] --START--
INFO: Run Behavior\ContentReplace [ RunTime:0.000191s ]
INFO: [ template_filter ] --END-- [ RunTime:0.000472s ]
INFO: Run Behavior\ParseTemplate [ RunTime:0.009662s ]
INFO: [ view_parse ] --END-- [ RunTime:0.009939s ]
INFO: [ view_filter ] --START--
INFO: Run Behavior\WriteHtmlCache [ RunTime:0.000066s ]
INFO: [ view_filter ] --END-- [ RunTime:0.000326s ]
INFO: [ view_end ] --START--
INFO: [ view_end ] --END-- [ RunTime:0.000119s ]
INFO: [ app_end ] --START--
INFO: Run Behavior\ShowPageTrace [ RunTime:0.000190s ]
INFO: [ app_end ] --END-- [ RunTime:0.000446s ]

[ 2016-05-04T16:27:08+08:00 ] 183.63.102.78 /learn/index.php
INFO: [ app_init ] --START--
INFO: [ app_init ] --END-- [ RunTime:0.000471s ]
INFO: [ app_begin ] --START--
INFO: Run Behavior\ReadHtmlCache [ RunTime:0.000235s ]
INFO: [ app_begin ] --END-- [ RunTime:0.000507s ]
INFO: [ action_begin ] --START--
INFO: [ action_begin ] --END-- [ RunTime:0.000140s ]
INFO: [ view_begin ] --START--
INFO: [ view_begin ] --END-- [ RunTime:0.000128s ]
INFO: [ view_parse ] --START--
INFO: Run Behavior\ParseTemplate [ RunTime:0.001493s ]
INFO: [ view_parse ] --END-- [ RunTime:0.001791s ]
INFO: [ view_filter ] --START--
INFO: Run Behavior\WriteHtmlCache [ RunTime:0.000065s ]
INFO: [ view_filter ] --END-- [ RunTime:0.000323s ]
INFO: [ view_end ] --START--
INFO: [ view_end ] --END-- [ RunTime:0.000120s ]
INFO: [ app_end ] --START--
INFO: Run Behavior\ShowPageTrace [ RunTime:0.000187s ]
INFO: [ app_end ] --END-- [ RunTime:0.000447s ]

[ 2016-05-04T16:33:02+08:00 ] 183.63.102.78 /learn/index.php
INFO: [ app_init ] --START--
INFO: [ app_init ] --END-- [ RunTime:0.000505s ]
INFO: [ app_begin ] --START--
INFO: Run Behavior\ReadHtmlCache [ RunTime:0.000236s ]
INFO: [ app_begin ] --END-- [ RunTime:0.000509s ]
INFO: [ action_begin ] --START--
INFO: [ action_begin ] --END-- [ RunTime:0.000138s ]
INFO: [ view_begin ] --START--
INFO: [ view_begin ] --END-- [ RunTime:0.000126s ]
INFO: [ view_parse ] --START--
INFO: Run Behavior\ParseTemplate [ RunTime:0.001333s ]
INFO: [ view_parse ] --END-- [ RunTime:0.001639s ]
INFO: [ view_filter ] --START--
INFO: Run Behavior\WriteHtmlCache [ RunTime:0.000064s ]
INFO: [ view_filter ] --END-- [ RunTime:0.000320s ]
INFO: [ view_end ] --START--
INFO: [ view_end ] --END-- [ RunTime:0.000119s ]
INFO: [ app_end ] --START--
INFO: Run Behavior\ShowPageTrace [ RunTime:0.000186s ]
INFO: [ app_end ] --END-- [ RunTime:0.000447s ]

[ 2016-05-04T16:33:55+08:00 ] 183.63.102.78 /learn/index.php
INFO: [ app_init ] --START--
INFO: [ app_init ] --END-- [ RunTime:0.000418s ]
INFO: [ app_begin ] --START--
INFO: Run Behavior\ReadHtmlCache [ RunTime:0.000232s ]
INFO: [ app_begin ] --END-- [ RunTime:0.000510s ]
INFO: [ action_begin ] --START--
INFO: [ action_begin ] --END-- [ RunTime:0.000141s ]
INFO: [ view_begin ] --START--
INFO: [ view_begin ] --END-- [ RunTime:0.000126s ]
INFO: [ view_parse ] --START--
INFO: Run Behavior\ParseTemplate [ RunTime:0.001571s ]
INFO: [ view_parse ] --END-- [ RunTime:0.001868s ]
INFO: [ view_filter ] --START--
INFO: Run Behavior\WriteHtmlCache [ RunTime:0.000063s ]
INFO: [ view_filter ] --END-- [ RunTime:0.000321s ]
INFO: [ view_end ] --START--
INFO: [ view_end ] --END-- [ RunTime:0.000120s ]
INFO: [ app_end ] --START--
INFO: Run Behavior\ShowPageTrace [ RunTime:0.000188s ]
INFO: [ app_end ] --END-- [ RunTime:0.000454s ]

[ 2016-05-04T16:34:38+08:00 ] 183.63.102.78 /learn/index.php
INFO: [ app_init ] --START--
INFO: [ app_init ] --END-- [ RunTime:0.000455s ]
INFO: [ app_begin ] --START--
INFO: Run Behavior\ReadHtmlCache [ RunTime:0.000233s ]
INFO: [ app_begin ] --END-- [ RunTime:0.000510s ]
INFO: [ action_begin ] --START--
INFO: [ action_begin ] --END-- [ RunTime:0.000138s ]
INFO: [ view_begin ] --START--
INFO: [ view_begin ] --END-- [ RunTime:0.000125s ]
INFO: [ view_parse ] --START--
INFO: Run Behavior\ParseTemplate [ RunTime:0.001488s ]
INFO: [ view_parse ] --END-- [ RunTime:0.001842s ]
INFO: [ view_filter ] --START--
INFO: Run Behavior\WriteHtmlCache [ RunTime:0.000064s ]
INFO: [ view_filter ] --END-- [ RunTime:0.000323s ]
INFO: [ view_end ] --START--
INFO: [ view_end ] --END-- [ RunTime:0.000120s ]
INFO: [ app_end ] --START--
INFO: Run Behavior\ShowPageTrace [ RunTime:0.000187s ]
INFO: [ app_end ] --END-- [ RunTime:0.000447s ]

